/home/dncboti1/virtualenv/public_html/ChabokTool/3.11/bin/python3.11_bin: Error while finding module specification for '/home/dncboti1/public_html/ChabokTool/passenger_wsgi.py' (ModuleNotFoundError: No module named '/home/dncboti1/public_html/ChabokTool/passenger_wsgi'). Try using '/home/dncboti1/public_html/ChabokTool/passenger_wsgi' instead of '/home/dncboti1/public_html/ChabokTool/passenger_wsgi.py' as the module name.
/home/dncboti1/virtualenv/public_html/ChabokTool/3.11/bin/python3.11_bin: Error while finding module specification for '/home/dncboti1/public_html/ChabokTool/passenger_wsgi.py' (ModuleNotFoundError: No module named '/home/dncboti1/public_html/ChabokTool/passenger_wsgi'). Try using '/home/dncboti1/public_html/ChabokTool/passenger_wsgi' instead of '/home/dncboti1/public_html/ChabokTool/passenger_wsgi.py' as the module name.
Not Found: /static/css/remixicon.css
Not Found: /static/css/lib/editor.quill.snow.css
Not Found: /static/css/lib/flatpickr.min.css
Not Found: /static/css/lib/full-calendar.css
Not Found: /static/css/lib/jquery-jvectormap-2.0.5.css
Not Found: /static/css/lib/magnific-popup.css
Not Found: /static/css/lib/slick.css
Not Found: /static/css/lib/prism.css
Not Found: /static/css/lib/file-upload.css
Not Found: /static/css/lib/audioplayer.css
Not Found: /static/css/style.css
Not Found: /static/images/logo.png
Not Found: /static/images/logo-light.png
Not Found: /static/images/logo-icon.png
Not Found: /static/images/lang-flag.png
Not Found: /static/images/flags/flag1.png
Not Found: /static/js/lib/jquery-3.7.1.min.js
Not Found: /static/js/lib/bootstrap.bundle.min.js
Not Found: /static/js/lib/apexcharts.min.js
Not Found: /static/js/lib/dataTables.min.js
Not Found: /static/js/lib/iconify-icon.min.js
Not Found: /static/js/lib/jquery-ui.min.js
Not Found: /static/js/lib/jquery-jvectormap-2.0.5.min.js
Not Found: /static/js/lib/jquery-jvectormap-world-mill-en.js
Not Found: /static/js/lib/magnifc-popup.min.js
Not Found: /static/js/lib/slick.min.js
Not Found: /static/js/lib/prism.js
Not Found: /static/js/lib/file-upload.js
Not Found: /static/js/lib/audioplayer.js
Not Found: /static/js/app.js
Not Found: /static/js/homeOneChart.js
Not Found: /static/images/flags/flag2.png
Not Found: /static/images/flags/flag3.png
Not Found: /static/images/flags/flag4.png
Not Found: /static/images/flags/flag5.png
Not Found: /static/images/flags/flag6.png
Not Found: /static/images/flags/flag7.png
Not Found: /static/images/flags/flag8.png
Not Found: /static/images/notification/profile-3.png
Not Found: /static/images/notification/profile-4.png
Not Found: /static/images/notification/profile-5.png
Not Found: /static/images/notification/profile-6.png
Not Found: /static/images/notification/profile-7.png
Not Found: /static/images/notification/profile-1.png
Not Found: /static/images/notification/profile-2.png
Not Found: /static/images/user.png
Not Found: /static/images/users/user1.png
Not Found: /static/images/users/user2.png
Not Found: /static/images/users/user3.png
Not Found: /static/images/users/user4.png
Not Found: /static/images/users/user5.png
Not Found: /static/css/lib/bootstrap.min.css
Not Found: /static/css/lib/apexcharts.css
Not Found: /static/css/lib/dataTables.min.css
Not Found: /static/css/lib/editor.atom-one-dark.min.css
Not Found: /static/css/lib/editor-katex.min.css
Not Found: /static/images/favicon.png
Not Found: /static/css/lib/apexcharts.css
Not Found: /static/css/remixicon.css
Not Found: /static/css/lib/bootstrap.min.css
Not Found: /static/css/lib/editor.quill.snow.css
Not Found: /static/css/lib/full-calendar.css
Not Found: /static/css/lib/dataTables.min.css
Not Found: /static/css/lib/jquery-jvectormap-2.0.5.css
Not Found: /static/css/lib/magnific-popup.css
Not Found: /static/css/lib/slick.css
Not Found: /static/css/lib/file-upload.css
Not Found: /static/css/lib/prism.css
Not Found: /static/css/lib/audioplayer.css
Not Found: /static/css/style.css
Not Found: /static/css/lib/editor-katex.min.css
Not Found: /static/css/lib/editor.atom-one-dark.min.css
Not Found: /static/css/lib/flatpickr.min.css
Not Found: /static/css/remixicon.css
Not Found: /static/css/lib/apexcharts.css
Not Found: /static/css/lib/bootstrap.min.css
Not Found: /static/css/lib/editor-katex.min.css
Not Found: /static/css/lib/editor.atom-one-dark.min.css
Not Found: /static/css/lib/dataTables.min.css
Not Found: /static/css/lib/editor.quill.snow.css
Not Found: /static/css/lib/flatpickr.min.css
Not Found: /static/css/lib/full-calendar.css
Not Found: /static/css/lib/jquery-jvectormap-2.0.5.css
Not Found: /static/css/lib/magnific-popup.css
Not Found: /static/css/lib/prism.css
Not Found: /static/css/lib/file-upload.css
Not Found: /static/css/lib/audioplayer.css
Not Found: /static/css/style.css
Not Found: /static/images/logo.png
Not Found: /static/css/lib/slick.css
Not Found: /static/images/logo-light.png
Not Found: /static/images/logo-icon.png
Not Found: /static/images/flags/flag1.png
Not Found: /static/images/lang-flag.png
Not Found: /static/js/lib/jquery-3.7.1.min.js
Not Found: /static/js/lib/bootstrap.bundle.min.js
Not Found: /static/js/lib/apexcharts.min.js
Not Found: /static/js/lib/dataTables.min.js
Not Found: /static/js/lib/iconify-icon.min.js
Not Found: /static/js/lib/jquery-ui.min.js
Not Found: /static/js/lib/jquery-jvectormap-2.0.5.min.js
Not Found: /static/js/lib/jquery-jvectormap-world-mill-en.js
Not Found: /static/js/lib/magnifc-popup.min.js
Not Found: /static/js/lib/slick.min.js
Not Found: /static/js/lib/prism.js
Not Found: /static/js/lib/file-upload.js
Not Found: /static/js/lib/audioplayer.js
Not Found: /static/js/app.js
Not Found: /static/js/homeOneChart.js
Not Found: /static/images/flags/flag2.png
Not Found: /static/images/flags/flag3.png
Not Found: /static/images/flags/flag4.png
Not Found: /static/images/flags/flag5.png
Not Found: /static/images/flags/flag6.png
Not Found: /static/images/flags/flag7.png
Not Found: /static/images/flags/flag8.png
Not Found: /static/images/notification/profile-3.png
Not Found: /static/images/notification/profile-4.png
Not Found: /static/images/notification/profile-5.png
Not Found: /static/images/notification/profile-6.png
Not Found: /static/images/notification/profile-7.png
Not Found: /static/images/notification/profile-1.png
Not Found: /static/images/notification/profile-2.png
Not Found: /static/images/user.png
Not Found: /static/images/users/user1.png
Not Found: /static/images/users/user2.png
Not Found: /static/images/users/user3.png
Not Found: /static/images/users/user4.png
Not Found: /static/images/users/user5.png
Not Found: /static/images/favicon.png
Not Found: /static/css/remixicon.css
Not Found: /favicon.ico
Not Found: /favicon.ico
Not Found: /static/css/lib/quill.snow.css.map
Not Found: /static/js/lib/bootstrap.bundle.min.js.map
Not Found: /static/admin/css/base.css
Not Found: /static/admin/css/dark_mode.css
Not Found: /static/admin/css/nav_sidebar.css
Not Found: /static/admin/js/theme.js
Not Found: /static/admin/css/nav_sidebar.css
Not Found: /static/admin/js/nav_sidebar.js
Not Found: /static/admin/css/responsive.css
Not Found: /static/admin/css/login.css
Not Found: /favicon.ico
Not Found: /static/admin/css/nav_sidebar.css
Not Found: /static/admin/css/base.css
Not Found: /static/admin/css/dark_mode.css
Not Found: /static/admin/css/responsive.css
Not Found: /static/admin/css/login.css
Not Found: /static/admin/css/base.css
Not Found: /static/admin/js/theme.js
Not Found: /static/admin/css/dark_mode.css
Not Found: /static/admin/css/nav_sidebar.css
Not Found: /static/admin/css/login.css
Not Found: /static/admin/css/nav_sidebar.css
Not Found: /static/admin/js/nav_sidebar.js
Not Found: /static/admin/css/login.css
Not Found: /static/admin/css/responsive.css
Not Found: /favicon.ico
Not Found: /static/admin/css/responsive.css
Not Found: /favicon.ico
Not Found: /favicon.ico
Not Found: /static/css/lib/quill.snow.css.map
Not Found: /static/js/lib/bootstrap.bundle.min.js.map
Not Found: /favicon.ico
Not Found: /favicon.ico
Not Found: /keywordresearch
Not Found: /favicon.ico
Not Found: /keywor_dresearch
Not Found: /keyword_research
Not Found: /accounts/login/
Not Found: /accounts/login/
Not Found: /chaboktool/keyword
Not Found: /accounts/login/
Not Found: /accounts/login/
Not Found: /static/js/lib/bootstrap.bundle.min.js.map
Not Found: /static/js/lib/bootstrap.bundle.min.js.map
Not Found: /static/css/lib/quill.snow.css.map
Not Found: /static/css/lib/quill.snow.css.map
Not Found: /static/js/lib/bootstrap.bundle.min.js.map
Not Found: /static/css/lib/quill.snow.css.map
Not Found: /static/js/lib/bootstrap.bundle.min.js.map
Not Found: /logout
Not Found: /favicon.ico
Not Found: /favicon.ico
Not Found: /robots.txt
Not Found: /favicon.ico
[UID:1088][2135667] Child process with pid: 2147228 was killed by signal: 15, core dumped: no
Not Found: /robots.txt
Not Found: /payment/index.php
[UID:1088][2184935] Child process with pid: 2184939 was killed by signal: 15, core dumped: no
